<?xml version="1.0" encoding="UTF-8"?>
<!-- Generated by org.testng.reporters.JUnitXMLReporter -->
<testsuite ignored="2" hostname="DESKTOP-R5SBQ5Q" failures="0" tests="1" name="Default test" time="0.331" errors="0" timestamp="14 Jul 2022 07:14:14 GMT">
  <testcase classname="com.Test.LoginTest" name="skipTest" time="0.021">
    <skipped/>
  </testcase> <!-- skipTest -->
  <testcase classname="com.Test.LoginTest" name="logintest" time="0.0">
    <ignored/>
  </testcase> <!-- logintest -->
  <testcase classname="com.Test.LoginTest" name="failTest" time="0.0">
    <ignored/>
  </testcase> <!-- failTest -->
</testsuite> <!-- Default test -->
